mode: set
phone_activation/pkg/usecase/listActivationDates/listActivationDates.go:12.103,14.2 1 0
phone_activation/pkg/usecase/listActivationDates/listActivationDates.go:16.72,18.2 1 0
phone_activation/pkg/mock/phoneRepositorySuccessStub.go:15.69,39.2 7 0
phone_activation/pkg/config/config.go:43.54,46.16 3 0
phone_activation/pkg/config/config.go:50.2,51.16 2 0
phone_activation/pkg/config/config.go:55.2,56.16 2 0
phone_activation/pkg/config/config.go:60.2,60.17 1 0
phone_activation/pkg/config/config.go:46.16,48.3 1 0
phone_activation/pkg/config/config.go:51.16,53.3 1 0
phone_activation/pkg/config/config.go:56.16,58.3 1 0
phone_activation/pkg/config/configValidator.go:23.48,25.16 2 0
phone_activation/pkg/config/configValidator.go:29.2,31.16 3 0
phone_activation/pkg/config/configValidator.go:34.2,34.12 1 0
phone_activation/pkg/config/configValidator.go:25.16,27.3 1 0
phone_activation/pkg/config/configValidator.go:31.16,33.3 1 0
phone_activation/pkg/config/configValidator.go:37.51,41.18 4 0
phone_activation/pkg/config/configValidator.go:46.2,46.12 1 0
phone_activation/pkg/config/configValidator.go:41.18,44.3 2 0
phone_activation/pkg/config/configValidator.go:49.51,51.16 2 0
phone_activation/pkg/config/configValidator.go:54.2,54.12 1 0
phone_activation/pkg/config/configValidator.go:51.16,53.3 1 0
phone_activation/pkg/config/configValidator.go:57.68,61.40 4 0
phone_activation/pkg/config/configValidator.go:66.2,67.23 2 0
phone_activation/pkg/config/configValidator.go:71.2,71.12 1 0
phone_activation/pkg/config/configValidator.go:61.40,64.3 2 0
phone_activation/pkg/config/configValidator.go:67.23,70.3 2 0
phone_activation/pkg/mock/phoneRepositoryFailStub.go:11.66,13.2 1 0
phone_activation/pkg/interface/cliClient/cliClient.go:14.83,16.2 1 1
phone_activation/pkg/interface/cliClient/cliClient.go:18.68,20.16 2 1
phone_activation/pkg/interface/cliClient/cliClient.go:24.2,24.21 1 1
phone_activation/pkg/interface/cliClient/cliClient.go:20.16,22.3 1 1
phone_activation/pkg/repository/PhoneRepository/csvdb/csvdb.go:25.68,28.16 2 0
phone_activation/pkg/repository/PhoneRepository/csvdb/csvdb.go:33.2,34.26 2 0
phone_activation/pkg/repository/PhoneRepository/csvdb/csvdb.go:28.16,30.3 1 0
phone_activation/pkg/repository/PhoneRepository/csvdb/csvdb.go:37.77,43.16 2 0
phone_activation/pkg/repository/PhoneRepository/csvdb/csvdb.go:46.2,47.47 2 0
phone_activation/pkg/repository/PhoneRepository/csvdb/csvdb.go:43.16,45.3 1 0
phone_activation/pkg/repository/PhoneRepository/csvdb/csvdb.go:50.60,55.16 3 0
phone_activation/pkg/repository/PhoneRepository/csvdb/csvdb.go:59.2,60.21 2 0
phone_activation/pkg/repository/PhoneRepository/csvdb/csvdb.go:55.16,57.3 1 0
phone_activation/pkg/repository/PhoneRepository/csvdb/csvdb.go:63.77,66.16 2 0
phone_activation/pkg/repository/PhoneRepository/csvdb/csvdb.go:70.2,72.6 2 0
phone_activation/pkg/repository/PhoneRepository/csvdb/csvdb.go:93.2,93.15 1 0
phone_activation/pkg/repository/PhoneRepository/csvdb/csvdb.go:66.16,68.3 1 0
phone_activation/pkg/repository/PhoneRepository/csvdb/csvdb.go:72.6,74.20 2 0
phone_activation/pkg/repository/PhoneRepository/csvdb/csvdb.go:77.3,77.17 1 0
phone_activation/pkg/repository/PhoneRepository/csvdb/csvdb.go:81.3,91.48 5 0
phone_activation/pkg/repository/PhoneRepository/csvdb/csvdb.go:74.20,75.9 1 0
phone_activation/pkg/repository/PhoneRepository/csvdb/csvdb.go:77.17,79.4 1 0
phone_activation/pkg/repository/PhoneRepository/csvdb/csvdb.go:96.82,97.28 1 0
phone_activation/pkg/repository/PhoneRepository/csvdb/csvdb.go:113.2,113.8 1 0
phone_activation/pkg/repository/PhoneRepository/csvdb/csvdb.go:97.28,98.49 1 0
phone_activation/pkg/repository/PhoneRepository/csvdb/csvdb.go:102.3,103.37 2 0
phone_activation/pkg/repository/PhoneRepository/csvdb/csvdb.go:109.3,110.105 2 0
phone_activation/pkg/repository/PhoneRepository/csvdb/csvdb.go:98.49,100.4 1 0
phone_activation/pkg/repository/PhoneRepository/csvdb/csvdb.go:103.37,104.71 1 0
phone_activation/pkg/repository/PhoneRepository/csvdb/csvdb.go:104.71,106.5 1 0
phone_activation/pkg/container/container.go:29.53,32.16 3 0
phone_activation/pkg/container/container.go:35.2,36.12 2 0
phone_activation/pkg/container/container.go:32.16,34.3 1 0
phone_activation/pkg/container/container.go:39.61,41.16 2 0
phone_activation/pkg/container/container.go:44.2,44.16 1 0
phone_activation/pkg/container/container.go:41.16,43.3 1 0
phone_activation/pkg/container/container.go:47.69,48.14 1 0
phone_activation/pkg/container/container.go:57.2,57.17 1 0
phone_activation/pkg/container/container.go:49.42,52.17 3 0
phone_activation/pkg/container/container.go:55.3,55.75 1 0
phone_activation/pkg/container/container.go:52.17,54.4 1 0
phone_activation/pkg/container/container.go:60.97,61.22 1 0
phone_activation/pkg/container/container.go:76.2,76.17 1 0
phone_activation/pkg/container/container.go:62.25,66.39 3 0
phone_activation/pkg/container/container.go:71.3,71.17 1 0
phone_activation/pkg/container/container.go:74.3,74.19 1 0
phone_activation/pkg/container/container.go:67.21,68.80 1 0
phone_activation/pkg/container/container.go:71.17,73.4 1 0
phone_activation/pkg/mock/listActivationDatesUsecaseSuccessFailStub.go:11.78,13.2 1 1
phone_activation/pkg/mock/listActivationDatesUsecaseSuccessStub.go:11.81,35.2 7 1
phone_activation/pkg/config/config.go:43.54,46.16 3 0
phone_activation/pkg/config/config.go:50.2,51.16 2 0
phone_activation/pkg/config/config.go:55.2,56.16 2 0
phone_activation/pkg/config/config.go:60.2,60.17 1 0
phone_activation/pkg/config/config.go:46.16,48.3 1 0
phone_activation/pkg/config/config.go:51.16,53.3 1 0
phone_activation/pkg/config/config.go:56.16,58.3 1 0
phone_activation/pkg/mock/phoneRepositoryFailStub.go:11.66,13.2 1 0
phone_activation/pkg/interface/cliClient/cliClient.go:14.83,16.2 1 0
phone_activation/pkg/interface/cliClient/cliClient.go:18.68,20.16 2 0
phone_activation/pkg/interface/cliClient/cliClient.go:24.2,24.21 1 0
phone_activation/pkg/interface/cliClient/cliClient.go:20.16,22.3 1 0
phone_activation/pkg/mock/listActivationDatesUsecaseSuccessFailStub.go:11.78,13.2 1 0
phone_activation/pkg/mock/listActivationDatesUsecaseSuccessStub.go:11.81,35.2 7 0
phone_activation/pkg/mock/phoneRepositorySuccessStub.go:15.69,39.2 7 0
phone_activation/pkg/config/configValidator.go:23.48,25.16 2 0
phone_activation/pkg/config/configValidator.go:29.2,31.16 3 0
phone_activation/pkg/config/configValidator.go:34.2,34.12 1 0
phone_activation/pkg/config/configValidator.go:25.16,27.3 1 0
phone_activation/pkg/config/configValidator.go:31.16,33.3 1 0
phone_activation/pkg/config/configValidator.go:37.51,41.18 4 0
phone_activation/pkg/config/configValidator.go:46.2,46.12 1 0
phone_activation/pkg/config/configValidator.go:41.18,44.3 2 0
phone_activation/pkg/config/configValidator.go:49.51,51.16 2 0
phone_activation/pkg/config/configValidator.go:54.2,54.12 1 0
phone_activation/pkg/config/configValidator.go:51.16,53.3 1 0
phone_activation/pkg/config/configValidator.go:57.68,61.40 4 0
phone_activation/pkg/config/configValidator.go:66.2,67.23 2 0
phone_activation/pkg/config/configValidator.go:71.2,71.12 1 0
phone_activation/pkg/config/configValidator.go:61.40,64.3 2 0
phone_activation/pkg/config/configValidator.go:67.23,70.3 2 0
phone_activation/pkg/usecase/listActivationDates/listActivationDates.go:12.103,14.2 1 0
phone_activation/pkg/usecase/listActivationDates/listActivationDates.go:16.72,18.2 1 0
phone_activation/pkg/container/container.go:29.53,32.16 3 0
phone_activation/pkg/container/container.go:35.2,36.12 2 0
phone_activation/pkg/container/container.go:32.16,34.3 1 0
phone_activation/pkg/container/container.go:39.61,41.16 2 0
phone_activation/pkg/container/container.go:44.2,44.16 1 0
phone_activation/pkg/container/container.go:41.16,43.3 1 0
phone_activation/pkg/container/container.go:47.69,48.14 1 0
phone_activation/pkg/container/container.go:57.2,57.17 1 0
phone_activation/pkg/container/container.go:49.42,52.17 3 0
phone_activation/pkg/container/container.go:55.3,55.75 1 0
phone_activation/pkg/container/container.go:52.17,54.4 1 0
phone_activation/pkg/container/container.go:60.97,61.22 1 0
phone_activation/pkg/container/container.go:76.2,76.17 1 0
phone_activation/pkg/container/container.go:62.25,66.39 3 0
phone_activation/pkg/container/container.go:71.3,71.17 1 0
phone_activation/pkg/container/container.go:74.3,74.19 1 0
phone_activation/pkg/container/container.go:67.21,68.80 1 0
phone_activation/pkg/container/container.go:71.17,73.4 1 0
phone_activation/pkg/repository/PhoneRepository/csvdb/csvdb.go:25.68,28.16 2 1
phone_activation/pkg/repository/PhoneRepository/csvdb/csvdb.go:33.2,34.26 2 1
phone_activation/pkg/repository/PhoneRepository/csvdb/csvdb.go:28.16,30.3 1 0
phone_activation/pkg/repository/PhoneRepository/csvdb/csvdb.go:37.77,43.16 2 1
phone_activation/pkg/repository/PhoneRepository/csvdb/csvdb.go:46.2,47.47 2 1
phone_activation/pkg/repository/PhoneRepository/csvdb/csvdb.go:43.16,45.3 1 0
phone_activation/pkg/repository/PhoneRepository/csvdb/csvdb.go:50.60,55.16 3 1
phone_activation/pkg/repository/PhoneRepository/csvdb/csvdb.go:59.2,60.21 2 1
phone_activation/pkg/repository/PhoneRepository/csvdb/csvdb.go:55.16,57.3 1 1
phone_activation/pkg/repository/PhoneRepository/csvdb/csvdb.go:63.77,66.16 2 1
phone_activation/pkg/repository/PhoneRepository/csvdb/csvdb.go:70.2,72.6 2 1
phone_activation/pkg/repository/PhoneRepository/csvdb/csvdb.go:93.2,93.15 1 1
phone_activation/pkg/repository/PhoneRepository/csvdb/csvdb.go:66.16,68.3 1 0
phone_activation/pkg/repository/PhoneRepository/csvdb/csvdb.go:72.6,74.20 2 1
phone_activation/pkg/repository/PhoneRepository/csvdb/csvdb.go:77.3,77.17 1 1
phone_activation/pkg/repository/PhoneRepository/csvdb/csvdb.go:81.3,91.48 5 1
phone_activation/pkg/repository/PhoneRepository/csvdb/csvdb.go:74.20,75.9 1 1
phone_activation/pkg/repository/PhoneRepository/csvdb/csvdb.go:77.17,79.4 1 1
phone_activation/pkg/repository/PhoneRepository/csvdb/csvdb.go:96.82,97.28 1 1
phone_activation/pkg/repository/PhoneRepository/csvdb/csvdb.go:113.2,113.8 1 1
phone_activation/pkg/repository/PhoneRepository/csvdb/csvdb.go:97.28,98.49 1 1
phone_activation/pkg/repository/PhoneRepository/csvdb/csvdb.go:102.3,103.37 2 1
phone_activation/pkg/repository/PhoneRepository/csvdb/csvdb.go:109.3,110.105 2 1
phone_activation/pkg/repository/PhoneRepository/csvdb/csvdb.go:98.49,100.4 1 1
phone_activation/pkg/repository/PhoneRepository/csvdb/csvdb.go:103.37,104.71 1 1
phone_activation/pkg/repository/PhoneRepository/csvdb/csvdb.go:104.71,106.5 1 1
phone_activation/pkg/mock/phoneRepositoryFailStub.go:11.66,13.2 1 0
phone_activation/pkg/config/configValidator.go:23.48,25.16 2 0
phone_activation/pkg/config/configValidator.go:29.2,31.16 3 0
phone_activation/pkg/config/configValidator.go:34.2,34.12 1 0
phone_activation/pkg/config/configValidator.go:25.16,27.3 1 0
phone_activation/pkg/config/configValidator.go:31.16,33.3 1 0
phone_activation/pkg/config/configValidator.go:37.51,41.18 4 0
phone_activation/pkg/config/configValidator.go:46.2,46.12 1 0
phone_activation/pkg/config/configValidator.go:41.18,44.3 2 0
phone_activation/pkg/config/configValidator.go:49.51,51.16 2 0
phone_activation/pkg/config/configValidator.go:54.2,54.12 1 0
phone_activation/pkg/config/configValidator.go:51.16,53.3 1 0
phone_activation/pkg/config/configValidator.go:57.68,61.40 4 0
phone_activation/pkg/config/configValidator.go:66.2,67.23 2 0
phone_activation/pkg/config/configValidator.go:71.2,71.12 1 0
phone_activation/pkg/config/configValidator.go:61.40,64.3 2 0
phone_activation/pkg/config/configValidator.go:67.23,70.3 2 0
phone_activation/pkg/repository/PhoneRepository/csvdb/csvdb.go:25.68,28.16 2 0
phone_activation/pkg/repository/PhoneRepository/csvdb/csvdb.go:33.2,34.26 2 0
phone_activation/pkg/repository/PhoneRepository/csvdb/csvdb.go:28.16,30.3 1 0
phone_activation/pkg/repository/PhoneRepository/csvdb/csvdb.go:37.77,43.16 2 0
phone_activation/pkg/repository/PhoneRepository/csvdb/csvdb.go:46.2,47.47 2 0
phone_activation/pkg/repository/PhoneRepository/csvdb/csvdb.go:43.16,45.3 1 0
phone_activation/pkg/repository/PhoneRepository/csvdb/csvdb.go:50.60,55.16 3 0
phone_activation/pkg/repository/PhoneRepository/csvdb/csvdb.go:59.2,60.21 2 0
phone_activation/pkg/repository/PhoneRepository/csvdb/csvdb.go:55.16,57.3 1 0
phone_activation/pkg/repository/PhoneRepository/csvdb/csvdb.go:63.77,66.16 2 0
phone_activation/pkg/repository/PhoneRepository/csvdb/csvdb.go:70.2,72.6 2 0
phone_activation/pkg/repository/PhoneRepository/csvdb/csvdb.go:93.2,93.15 1 0
phone_activation/pkg/repository/PhoneRepository/csvdb/csvdb.go:66.16,68.3 1 0
phone_activation/pkg/repository/PhoneRepository/csvdb/csvdb.go:72.6,74.20 2 0
phone_activation/pkg/repository/PhoneRepository/csvdb/csvdb.go:77.3,77.17 1 0
phone_activation/pkg/repository/PhoneRepository/csvdb/csvdb.go:81.3,91.48 5 0
phone_activation/pkg/repository/PhoneRepository/csvdb/csvdb.go:74.20,75.9 1 0
phone_activation/pkg/repository/PhoneRepository/csvdb/csvdb.go:77.17,79.4 1 0
phone_activation/pkg/repository/PhoneRepository/csvdb/csvdb.go:96.82,97.28 1 0
phone_activation/pkg/repository/PhoneRepository/csvdb/csvdb.go:113.2,113.8 1 0
phone_activation/pkg/repository/PhoneRepository/csvdb/csvdb.go:97.28,98.49 1 0
phone_activation/pkg/repository/PhoneRepository/csvdb/csvdb.go:102.3,103.37 2 0
phone_activation/pkg/repository/PhoneRepository/csvdb/csvdb.go:109.3,110.105 2 0
phone_activation/pkg/repository/PhoneRepository/csvdb/csvdb.go:98.49,100.4 1 0
phone_activation/pkg/repository/PhoneRepository/csvdb/csvdb.go:103.37,104.71 1 0
phone_activation/pkg/repository/PhoneRepository/csvdb/csvdb.go:104.71,106.5 1 0
phone_activation/pkg/interface/cliClient/cliClient.go:14.83,16.2 1 0
phone_activation/pkg/interface/cliClient/cliClient.go:18.68,20.16 2 0
phone_activation/pkg/interface/cliClient/cliClient.go:24.2,24.21 1 0
phone_activation/pkg/interface/cliClient/cliClient.go:20.16,22.3 1 0
phone_activation/pkg/mock/listActivationDatesUsecaseSuccessFailStub.go:11.78,13.2 1 0
phone_activation/pkg/mock/listActivationDatesUsecaseSuccessStub.go:11.81,35.2 7 0
phone_activation/pkg/mock/phoneRepositorySuccessStub.go:15.69,39.2 7 1
phone_activation/pkg/config/config.go:43.54,46.16 3 0
phone_activation/pkg/config/config.go:50.2,51.16 2 0
phone_activation/pkg/config/config.go:55.2,56.16 2 0
phone_activation/pkg/config/config.go:60.2,60.17 1 0
phone_activation/pkg/config/config.go:46.16,48.3 1 0
phone_activation/pkg/config/config.go:51.16,53.3 1 0
phone_activation/pkg/config/config.go:56.16,58.3 1 0
phone_activation/pkg/container/container.go:29.53,32.16 3 0
phone_activation/pkg/container/container.go:35.2,36.12 2 0
phone_activation/pkg/container/container.go:32.16,34.3 1 0
phone_activation/pkg/container/container.go:39.61,41.16 2 0
phone_activation/pkg/container/container.go:44.2,44.16 1 0
phone_activation/pkg/container/container.go:41.16,43.3 1 0
phone_activation/pkg/container/container.go:47.69,48.14 1 0
phone_activation/pkg/container/container.go:57.2,57.17 1 0
phone_activation/pkg/container/container.go:49.42,52.17 3 0
phone_activation/pkg/container/container.go:55.3,55.75 1 0
phone_activation/pkg/container/container.go:52.17,54.4 1 0
phone_activation/pkg/container/container.go:60.97,61.22 1 0
phone_activation/pkg/container/container.go:76.2,76.17 1 0
phone_activation/pkg/container/container.go:62.25,66.39 3 0
phone_activation/pkg/container/container.go:71.3,71.17 1 0
phone_activation/pkg/container/container.go:74.3,74.19 1 0
phone_activation/pkg/container/container.go:67.21,68.80 1 0
phone_activation/pkg/container/container.go:71.17,73.4 1 0
phone_activation/pkg/usecase/listActivationDates/listActivationDates.go:12.103,14.2 1 1
phone_activation/pkg/usecase/listActivationDates/listActivationDates.go:16.72,18.2 1 1
